date Tue 10 Aug 2021 10:29:35 BST
hostname MacBook-Pro.local
system Darwin MacBook-Pro.local 20.6.0 Darwin Kernel Version 20.6.0: Wed Jun 23 00:26:27 PDT 2021; root:xnu-7195.141.2~5/RELEASE_ARM64_T8101 x86_64
user brunocamino
output data in /Users/brunocamino/Desktop/Imperial/crystal_python_tools/final/examples/workflows/../data/adsorption/BN_5x5_NP.out
crystal executable in /Users/brunocamino/crystal
input data in /Users/brunocamino/Desktop/Imperial/crystal_python_tools/final/examples/workflows/../data/adsorption/BN_5x5_NP.d12
temporary directory /Users/brunocamino/crystal/tmp
external geometry input from /Users/brunocamino/Desktop/Imperial/crystal_python_tools/final/examples/workflows/../data/adsorption/BN_5x5_NP.gui
external geometry input saved in /Users/brunocamino/Desktop/Imperial/crystal_python_tools/final/examples/workflows/../data/adsorption/BN_5x5_NP_inp.gui
BN
SLAB
78
2.51879531 2.51879531 120.0
2
7      0.000000       0.000000    0.0
5      0.333333333    0.666666666  0.0
SUPERCEL
5 0
0 5
ATOMINSE
13
29 -2.2106409566907432 -1.2763277400417183 -0.01020100982428418
29 -2.2106409566907432 1.2763277400417181 -0.010201009824284402
29 -0.7464979231925168 -1.2763277400417183 2.0808119450515608
29 -0.746497923192517 1.2763277400417186 2.0808119450515608
29 -1.4641430334982262 -2.220446049250313e-16 -2.091012954875845
29 2.5471910640775077e-16 -2.5526554800834367 3.6377658409536187e-16
29 0.7464979231925173 -1.2763277400417183 -2.0808119450515603
29 0.0 2.5526554800834367 0.0
29 0.7464979231925172 1.2763277400417181 -2.0808119450515608
29 0.0 0.0 0.0
29 1.4641430334982262 2.220446049250313e-16 2.091012954875845
29 2.2106409566907432 -1.2763277400417183 0.010201009824284402
29 2.2106409566907432 1.2763277400417186 0.010201009824284402
ATOMDISP
13
51 4.372597334022 2.51879531 4.45
52 4.372597334022 2.51879531 4.45
53 4.372597334022 2.51879531 4.45
54 4.372597334022 2.51879531 4.45
55 4.372597334022 2.51879531 4.45
56 4.372597334022 2.51879531 4.45
57 4.372597334022 2.51879531 4.45
58 4.372597334022 2.51879531 4.45
59 4.372597334022 2.51879531 4.45
60 4.372597334022 2.51879531 4.45
61 4.372597334022 2.51879531 4.45
62 4.372597334022 2.51879531 4.45
63 4.372597334022 2.51879531 4.45
EXTPRT
TESTGEOM
END
7 4
0 0 6 2.0 1.0
4150.0 0.001845
620.1 0.01416
141.7 0.06863
40.34 0.2286
13.03 0.4662
4.47 0.3657
0 1 2 5.0 1.0
5.425 -0.4133 0.238
1.149 1.224 0.859
0 1 1 0.0 1.0
0.2832 1.0 1.0
0 3 1 0.0 1.0
0.8 1.0 1.0
5 4
0 0 6 2.0 1.0
2.082E+03 1.850E-03
3.123E+02 1.413E-02
7.089E+01 6.927E-02
1.985E+01 2.324E-01
6.292E+00 4.702E-01
2.129E+00 3.603E-01
0 1 2 3.0 1.0
2.282E+00 -3.687E-01 2.312E-01
4.652E-01 1.199E+00 8.668E-01
0 1 1 0.0 1.0
1.243E-01 1.000E+00 1.000E+00
0 3 1 0.0 1.0
0.8 1.0
29 8
0 0 8 2.0 1.0
 398000.0 0.000227
 56670.0 0.001929
 12010.0 0.01114
 3139.0 0.05013
 947.2 0.17031
 327.68 0.3693
 128.39 0.4030
 53.63 0.1437
0 1 6 8.0 1.0
 1022.0 -0.00487 0.00850
 238.9 -0.0674 0.06063
 80.00 -0.1242 0.2118
 31.86 0.2466 0.3907
 13.33 0.672 0.3964
 4.442 0.289 0.261
0 1 4 8.0 1.0
 54.7 0.0119 -0.0288
 23.26 -0.146 -0.0741
 9.92 -0.750 0.182
 4.013 1.031 1.280
0 1 1 1.0 1.0
 1.582 1.0 1.0
0 1 1 0.0 1.0
 0.596 1.0 1.0
0 1 1 0.0 1.0
 0.150 1.0 1.0
0 3 4 10.0 1.0
 48.54 0.031
 13.55 0.162
 4.52 0.378
 1.47 0.459
0 3 1 0.0 1.0
 0.392 1.0
99 0
ENDBS
DFT
B3LYP
XXLGRID
ENDDFT
TOLINTEG
7 7 7 7 14
SHRINK
4  9
MAXCYCLE
200
FMIXING
70
DIIS
ENDSCF

         
 *******************************************************************************
 *                                                                             *
 *                               CRYSTAL17                                     *
 *                      public : 1.0.2 - March 1st, 2018                       *
 *                       HTTP://WWW.CRYSTAL.UNITO.IT                           *
 *                                                                             *
 *                              MAIN AUTHORS                                   *
 *                                                                             *
 *  R. DOVESI(1,11), V.R. SAUNDERS(2), C. ROETTI(1,11), R. ORLANDO(1,11),      *
 *  C.M. ZICOVICH-WILSON(1,3), F. PASCALE(4), B. CIVALLERI(1,11),              *
 *  K. DOLL(5), N.M. HARRISON(2,6), I.J. BUSH(7), Ph. D'ARCO(8),               *
 *  M. LLUNELL(9), M. CAUSA'(10), Y. NOEL(8), L. MASCHIO(1,11), A. ERBA(1,11)  *
 *  M. RE'RAT(14), S. CASASSA(1,11)                                            *
 *                                                                             *
 *        CONTRIBUTIONS TO THE CODE HAVE ALSO BEEN GIVEN BY                    *
 *                                                                             *
 *  M. FERRABONE(1,11), M. DE LA PIERRE(1,11), M. FERRERO(1,11),               *
 *  J. BAIMA(1,11), E. ALBANESE(1,11), M.F. PEINTINGER(12), R. BAST(13),       *
 *  B. KIRTMAN(15), V. LACIVITA(1,11), R. DEMICHELIS(1,16)                     *
 *  G. BRANDEBURG(17), S. SALUSTRO(1,11), G. SANSONE(1,11)                     *
 *  M.T. RUGGIERO(18)                                                          *
 *                                                                             *
 * (1) THEORETICAL CHEMISTRY GROUP - UNIVERSITA' DI TORINO - TORINO (ITALY)    *
 * (2) COMPUTATIONAL SCIENCE & ENGINEERING DEPARTMENT - STFC DARESBURY (UK)    *
 * (3) UNIVERSIDAD AUTONOMA DEL ESTADO DE MORELOS - CUERNAVACA (MEXICO)        *
 * (4) UNIVERSITE' DE LORRAINE - NANCY (FRANCE)                                *
 * (5) UNIVERSITAET STUTTGART- STUTTGART (GERMANY)                             *
 * (6) IMPERIAL COLLEGE - LONDON (UK)                                          *
 * (7) OXFORD E-RESEARCH CENTRE - OXFORD (UK)                                  *
 * (8) UPMC - SORBONNE UNIVERSITES - PARIS (FRANCE)                            *
 * (9) UNIVERSIDAD DE BARCELONA - BARCELONA (SPAIN)                            *
 *(10) UNIVERSITA' DI NAPOLI "FEDERICO II" - NAPOLI (ITALY)                    *
 *(11) NIS - NANOSTRUCTURED INTERFACES AND SURFACES - TORINO (ITALY)           *
 *(12) MPI FUER CHEMISCHE ENERGIEKONVERSION - MUELHEIM AN DER RUHR (GERMANY)   *
 *(13) UNIVERSITY OF TROMSO - TROMSO (NORWAY)                                  *
 *(14) UNIVERSITE' DE PAU ET DES PAYS DE L'ADOUR - PAU (FRANCE)                *
 *(15) UNIVERSITY OF CALIFORNIA SANTA BARBARA - SANTA BARBARA (USA)            *
 *(16) CURTIN UNIVERSITY - PERTH (AUSTRALIA)                                   *
 *(17) UNIVERSITY COLLEGE LONDON - LONDON (UK)                                 *
 *(18) CAMBRIDGE UNIVERSITY - CAMBRIDGE (UK)                                   *
 *                                                                             *
 *******************************************************************************
 EEEEEEEEEE STARTING  DATE 10 08 2021 TIME 10:29:35.5
 BN                                                                              

 SLAB CALCULATION
 SYSTEM AND LATTICE                   :  HEXAGONAL   
 TWO-SIDED PLANE GROUP N. 78          :  P -6 M 2        
 CORRESPONDING SPACE GROUP N. 187

 LATTICE PARAMETERS  (ANGSTROMS AND DEGREES) - CONVENTIONAL CELL
           A              B            GAMMA
        2.51880        2.51880      120.00000


 NUMBER OF IRREDUCIBLE ATOMS IN THE CONVENTIONAL CELL:    2

 INPUT COORDINATES

 ATOM AT. N.              COORDINATES
   1   7     0.000000000000E+00  0.000000000000E+00  0.000000000000E+00
   2   5     3.333333330000E-01  6.666666660000E-01  0.000000000000E+00

 *******************************************************************************

 << INFORMATION >>: FROM NOW ON, ALL COORDINATES REFER TO THE PRIMITIVE CELL

 *******************************************************************************

 LATTICE PARAMETERS  (ANGSTROMS AND DEGREES) - PRIMITIVE CELL
       A          B          C        ALPHA      BETA     GAMMA        VOLUME
    2.51880    2.51880  500.00000    90.00000  90.00000 120.00000      5.494351

 COORDINATES OF THE EQUIVALENT ATOMS 
 (X AND Y IN FRACTIONARY UNITS, Z IN ANGSTROMS)

 N. ATOM EQUIV AT. N.          X                  Y                  Z

   1   1   1    7 N     0.00000000000E+00  0.00000000000E+00  0.00000000000E+00

   2   2   1    5 B     3.33333333000E-01 -3.33333334000E-01  0.00000000000E+00

 NUMBER OF SYMMETRY OPERATORS         :   12
 *******************************************************************************
 * GEOMETRY EDITING - INPUT COORDINATES ARE GIVEN IN ANGSTROM         
 *******************************************************************************

 GEOMETRY NOW FULLY CONSISTENT WITH THE GROUP

 NO SYMMOPS WITH FINITE TRANSLATIONAL COMPONENT

 *******************************************************************************
 * SUPERCELL OPTION
 *******************************************************************************


        EXPANSION MATRIX OF PRIMITIVE CELL
 E1     5.000     0.000     0.000
 E2     0.000     5.000     0.000
 E3     0.000     0.000     0.000

 NUMBER OF ATOMS PER SUPERCELL    50

        DIRECT LATTICE VECTORS COMPONENTS (ANGSTROM)
 B1    10.907    -6.297     0.000
 B2     0.000    12.594     0.000
 B3     0.000     0.000   500.000

 LATTICE PARAMETERS  (ANGSTROM AND DEGREES)
       A          B          C         ALPHA     BETA     GAMMA        VOLUME
   12.59398   12.59398  500.00000    90.00000  90.00000 120.00000    137.358770


 **** ATOMS BELONGING TO THE SUPERCELL
 LABEL AT.NO.      COORDINATES (ANGSTROM AND FRACTIONAL)
     1     7     0.0000     0.0000     0.0000     0.0000     0.0000
     2     7     0.0000     2.5188     0.0000     0.0000     0.2000
     3     7     0.0000     5.0376     0.0000     0.0000     0.4000
     4     7     0.0000    -5.0376     0.0000     0.0000    -0.4000
     5     7     0.0000    -2.5188     0.0000     0.0000    -0.2000
     6     7     2.1813    -1.2594     0.0000     0.2000     0.0000
     7     7     2.1813     1.2594     0.0000     0.2000     0.2000
     8     7     2.1813     3.7782     0.0000     0.2000     0.4000
     9     7     2.1813    -6.2970     0.0000     0.2000    -0.4000
    10     7     2.1813    -3.7782     0.0000     0.2000    -0.2000
    11     7     4.3627    -2.5188     0.0000     0.4000     0.0000
    12     7     4.3627     0.0000     0.0000     0.4000     0.2000
    13     7     4.3627     2.5188     0.0000     0.4000     0.4000
    14     7     4.3627    -7.5564     0.0000     0.4000    -0.4000
    15     7     4.3627    -5.0376     0.0000     0.4000    -0.2000
    16     7    -4.3627     2.5188     0.0000    -0.4000     0.0000
    17     7    -4.3627     5.0376     0.0000    -0.4000     0.2000
    18     7    -4.3627     7.5564     0.0000    -0.4000     0.4000
    19     7    -4.3627    -2.5188     0.0000    -0.4000    -0.4000
    20     7    -4.3627     0.0000     0.0000    -0.4000    -0.2000
    21     7    -2.1813     1.2594     0.0000    -0.2000     0.0000
    22     7    -2.1813     3.7782     0.0000    -0.2000     0.2000
    23     7    -2.1813     6.2970     0.0000    -0.2000     0.4000
    24     7    -2.1813    -3.7782     0.0000    -0.2000    -0.4000
    25     7    -2.1813    -1.2594     0.0000    -0.2000    -0.2000
    26     5    -1.4542     0.0000     0.0000    -0.1333    -0.0667
    27     5    -1.4542     2.5188     0.0000    -0.1333     0.1333
    28     5    -1.4542     5.0376     0.0000    -0.1333     0.3333
    29     5    -1.4542    -5.0376     0.0000    -0.1333    -0.4667
    30     5    -1.4542    -2.5188     0.0000    -0.1333    -0.2667
    31     5     0.7271    -1.2594     0.0000     0.0667    -0.0667
    32     5     0.7271     1.2594     0.0000     0.0667     0.1333
    33     5     0.7271     3.7782     0.0000     0.0667     0.3333
    34     5     0.7271    -6.2970     0.0000     0.0667    -0.4667
    35     5     0.7271    -3.7782     0.0000     0.0667    -0.2667
    36     5     2.9085    -2.5188     0.0000     0.2667    -0.0667
    37     5     2.9085     0.0000     0.0000     0.2667     0.1333
    38     5     2.9085     2.5188     0.0000     0.2667     0.3333
    39     5     2.9085    -7.5564     0.0000     0.2667    -0.4667
    40     5     2.9085    -5.0376     0.0000     0.2667    -0.2667
    41     5     5.0898    -3.7782     0.0000     0.4667    -0.0667
    42     5     5.0898    -1.2594     0.0000     0.4667     0.1333
    43     5     5.0898     1.2594     0.0000     0.4667     0.3333
    44     5     5.0898    -8.8158     0.0000     0.4667    -0.4667
    45     5     5.0898    -6.2970     0.0000     0.4667    -0.2667
    46     5    -3.6356     1.2594     0.0000    -0.3333    -0.0667
    47     5    -3.6356     3.7782     0.0000    -0.3333     0.1333
    48     5    -3.6356     6.2970     0.0000    -0.3333     0.3333
    49     5    -3.6356    -3.7782     0.0000    -0.3333    -0.4667
    50     5    -3.6356    -1.2594     0.0000    -0.3333    -0.2667

 **************************** SUPERCELL GENERATED ****************************

 *******************************************************************************
 * ADDITION OF   13 NEW ATOMS
 *******************************************************************************
 ATOM ADDED: LABEL   51 AT. N.  29 COOR.(A)  -2.21064  -1.27633  -0.01020
 ATOM ADDED: LABEL   52 AT. N.  29 COOR.(A)  -2.21064   1.27633  -0.01020
 ATOM ADDED: LABEL   53 AT. N.  29 COOR.(A)  -0.74650  -1.27633   2.08081
 ATOM ADDED: LABEL   54 AT. N.  29 COOR.(A)  -0.74650   1.27633   2.08081
 ATOM ADDED: LABEL   55 AT. N.  29 COOR.(A)  -1.46414  -0.00000  -2.09101
 ATOM ADDED: LABEL   56 AT. N.  29 COOR.(A)   0.00000  -2.55266   0.00000
 ATOM ADDED: LABEL   57 AT. N.  29 COOR.(A)   0.74650  -1.27633  -2.08081
 ATOM ADDED: LABEL   58 AT. N.  29 COOR.(A)   0.00000   2.55266   0.00000
 ATOM ADDED: LABEL   59 AT. N.  29 COOR.(A)   0.74650   1.27633  -2.08081
 ATOM ADDED: LABEL   60 AT. N.  29 COOR.(A)   0.00000   0.00000   0.00000
 ATOM ADDED: LABEL   61 AT. N.  29 COOR.(A)   1.46414   0.00000   2.09101
 ATOM ADDED: LABEL   62 AT. N.  29 COOR.(A)   2.21064  -1.27633   0.01020
 ATOM ADDED: LABEL   63 AT. N.  29 COOR.(A)   2.21064   1.27633   0.01020
 THE NUMBER OF SYMMETRY OPERATORS HAS BEEN REDUCED FROM 12 TO  2
 *******************************************************************************

 *******************************************************************************
 * DISPLACEMENT OF   13 ATOMS
 *******************************************************************************

 ATOM N.   51 AT. N.  29 DISPLACED BY (A)   4.37260   2.51880   4.45000

 ATOM N.   52 AT. N.  29 DISPLACED BY (A)   4.37260   2.51880   4.45000

 ATOM N.   53 AT. N.  29 DISPLACED BY (A)   4.37260   2.51880   4.45000

 ATOM N.   54 AT. N.  29 DISPLACED BY (A)   4.37260   2.51880   4.45000

 ATOM N.   55 AT. N.  29 DISPLACED BY (A)   4.37260   2.51880   4.45000

 ATOM N.   56 AT. N.  29 DISPLACED BY (A)   4.37260   2.51880   4.45000

 ATOM N.   57 AT. N.  29 DISPLACED BY (A)   4.37260   2.51880   4.45000

 ATOM N.   58 AT. N.  29 DISPLACED BY (A)   4.37260   2.51880   4.45000

 ATOM N.   59 AT. N.  29 DISPLACED BY (A)   4.37260   2.51880   4.45000

 ATOM N.   60 AT. N.  29 DISPLACED BY (A)   4.37260   2.51880   4.45000

 ATOM N.   61 AT. N.  29 DISPLACED BY (A)   4.37260   2.51880   4.45000

 ATOM N.   62 AT. N.  29 DISPLACED BY (A)   4.37260   2.51880   4.45000

 ATOM N.   63 AT. N.  29 DISPLACED BY (A)   4.37260   2.51880   4.45000
 THE NUMBER OF SYMMETRY OPERATORS HAS BEEN REDUCED FROM  2 TO  1
 *******************************************************************************

 GCALCO - MAX INDICES DIRECT LATTICE VECTOR    83    83     0
 NO.OF VECTORS CREATED 6999 STARS  503 RMAX  1046.35168 BOHR

 GEOMETRY FOR WAVE FUNCTION - DIMENSIONALITY OF THE SYSTEM    2
 (NON PERIODIC DIRECTION: LATTICE PARAMETER FORMALLY SET TO 500)
 *******************************************************************************
 LATTICE PARAMETERS (ANGSTROMS AND DEGREES) - BOHR = 0.5291772083 ANGSTROM
 PRIMITIVE CELL
         A              B              C           ALPHA      BETA       GAMMA 
    12.59397655    12.59397655   500.00000000    90.000000  90.000000 120.000000
 *******************************************************************************
 ATOMS IN THE ASYMMETRIC UNIT   63 - ATOMS IN THE UNIT CELL:   63
     ATOM                 X/A                 Y/B             Z(ANGSTROM)
 *******************************************************************************
      1 T   7 N     0.000000000000E+00  0.000000000000E+00  0.000000000000E+00
      2 T   7 N     0.000000000000E+00  2.000000000000E-01  0.000000000000E+00
      3 T   7 N     0.000000000000E+00  4.000000000000E-01  0.000000000000E+00
      4 T   7 N     0.000000000000E+00 -4.000000000000E-01  0.000000000000E+00
      5 T   7 N     0.000000000000E+00 -2.000000000000E-01  0.000000000000E+00
      6 T   7 N     2.000000000000E-01  1.387778780781E-17  0.000000000000E+00
      7 T   7 N     2.000000000000E-01  2.000000000000E-01  0.000000000000E+00
      8 T   7 N     2.000000000000E-01  4.000000000000E-01  0.000000000000E+00
      9 T   7 N     2.000000000000E-01 -4.000000000000E-01  0.000000000000E+00
     10 T   7 N     2.000000000000E-01 -2.000000000000E-01  0.000000000000E+00
     11 T   7 N     4.000000000000E-01  2.775557561563E-17  0.000000000000E+00
     12 T   7 N     4.000000000000E-01  2.000000000000E-01  0.000000000000E+00
     13 T   7 N     4.000000000000E-01  4.000000000000E-01  0.000000000000E+00
     14 T   7 N     4.000000000000E-01 -4.000000000000E-01  0.000000000000E+00
     15 T   7 N     4.000000000000E-01 -2.000000000000E-01  0.000000000000E+00
     16 T   7 N    -4.000000000000E-01  1.387778780781E-16  0.000000000000E+00
     17 T   7 N    -4.000000000000E-01  2.000000000000E-01  0.000000000000E+00
     18 T   7 N    -4.000000000000E-01  4.000000000000E-01  0.000000000000E+00
     19 T   7 N    -4.000000000000E-01 -4.000000000000E-01  0.000000000000E+00
     20 T   7 N    -4.000000000000E-01 -2.000000000000E-01  0.000000000000E+00
     21 T   7 N    -2.000000000000E-01  8.326672684689E-17  0.000000000000E+00
     22 T   7 N    -2.000000000000E-01  2.000000000000E-01  0.000000000000E+00
     23 T   7 N    -2.000000000000E-01  4.000000000000E-01  0.000000000000E+00
     24 T   7 N    -2.000000000000E-01 -4.000000000000E-01  0.000000000000E+00
     25 T   7 N    -2.000000000000E-01 -2.000000000000E-01  0.000000000000E+00
     26 T   5 B    -1.333333333333E-01 -6.666666666667E-02  0.000000000000E+00
     27 T   5 B    -1.333333333333E-01  1.333333333333E-01  0.000000000000E+00
     28 T   5 B    -1.333333333333E-01  3.333333333333E-01  0.000000000000E+00
     29 T   5 B    -1.333333333333E-01 -4.666666666667E-01  0.000000000000E+00
     30 T   5 B    -1.333333333333E-01 -2.666666666667E-01  0.000000000000E+00
     31 T   5 B     6.666666666667E-02 -6.666666666667E-02  0.000000000000E+00
     32 T   5 B     6.666666666667E-02  1.333333333333E-01  0.000000000000E+00
     33 T   5 B     6.666666666667E-02  3.333333333333E-01  0.000000000000E+00
     34 T   5 B     6.666666666667E-02 -4.666666666667E-01  0.000000000000E+00
     35 T   5 B     6.666666666667E-02 -2.666666666667E-01  0.000000000000E+00
     36 T   5 B     2.666666666667E-01 -6.666666666667E-02  0.000000000000E+00
     37 T   5 B     2.666666666667E-01  1.333333333333E-01  0.000000000000E+00
     38 T   5 B     2.666666666667E-01  3.333333333333E-01  0.000000000000E+00
     39 T   5 B     2.666666666667E-01 -4.666666666667E-01  0.000000000000E+00
     40 T   5 B     2.666666666667E-01 -2.666666666667E-01  0.000000000000E+00
     41 T   5 B     4.666666666667E-01 -6.666666666667E-02  0.000000000000E+00
     42 T   5 B     4.666666666667E-01  1.333333333333E-01  0.000000000000E+00
     43 T   5 B     4.666666666667E-01  3.333333333333E-01  0.000000000000E+00
     44 T   5 B     4.666666666667E-01 -4.666666666667E-01  0.000000000000E+00
     45 T   5 B     4.666666666667E-01 -2.666666666667E-01  0.000000000000E+00
     46 T   5 B    -3.333333333333E-01 -6.666666666667E-02  0.000000000000E+00
     47 T   5 B    -3.333333333333E-01  1.333333333333E-01  0.000000000000E+00
     48 T   5 B    -3.333333333333E-01  3.333333333333E-01  0.000000000000E+00
     49 T   5 B    -3.333333333333E-01 -4.666666666667E-01  0.000000000000E+00
     50 T   5 B    -3.333333333333E-01 -2.666666666667E-01  0.000000000000E+00
     51 T  29 CU    1.982227124964E-01  1.977670560604E-01  4.439798990176E+00
     52 T  29 CU    1.982227124964E-01  4.004556564360E-01  4.439798990176E+00
     53 T  29 CU    3.324652007472E-01  2.648883001858E-01  6.530811945052E+00
     54 T  29 CU    3.324652007472E-01  4.675769005614E-01  6.530811945052E+00
     55 T  29 CU    2.666666666666E-01  3.333333333333E-01  2.358987045124E+00
     56 T  29 CU    4.009091549175E-01  1.977659770831E-01  4.450000000000E+00
     57 T  29 CU    4.693531090877E-01  3.333322543560E-01  2.369188054948E+00
     58 T  29 CU    4.009091549175E-01 -3.968568221656E-01  4.450000000000E+00
     59 T  29 CU    4.693531090877E-01 -4.639791452683E-01  2.369188054948E+00
     60 T  29 CU    4.009091549175E-01  4.004545774587E-01  4.450000000000E+00
     61 T  29 CU   -4.648483568317E-01  4.675758215841E-01  6.541012954876E+00
     62 T  29 CU   -3.964044026615E-01  4.004534984814E-01  4.460201009824E+00
     63 T  29 CU   -3.964044026615E-01 -3.968579011429E-01  4.460201009824E+00

 T = ATOM BELONGING TO THE ASYMMETRIC UNIT

 ****    1 SYMMOPS - TRANSLATORS IN FRACTIONAL UNITS
 **** MATRICES AND TRANSLATORS IN THE CRYSTALLOGRAPHIC REFERENCE FRAME
   V INV                    ROTATION MATRICES                   TRANSLATORS
   1   1  1.00  0.00  0.00  0.00  1.00  0.00  0.00  0.00  1.00  0.00  0.00  0.00

 DIRECT LATTICE VECTORS CARTESIAN COMPONENTS (ANGSTROM)
          X                    Y                    Z
   0.109067036270E+02  -0.629698827500E+01   0.000000000000E+00
   0.000000000000E+00   0.125939765500E+02   0.000000000000E+00
   0.000000000000E+00   0.000000000000E+00   0.500000000000E+03


 CARTESIAN COORDINATES - PRIMITIVE CELL
 *******************************************************************************
 *      ATOM          X(ANGSTROM)         Y(ANGSTROM)         Z(ANGSTROM)
 *******************************************************************************
    1     7 N     0.000000000000E+00  0.000000000000E+00  0.000000000000E+00
    2     7 N     0.000000000000E+00  2.518795310000E+00  0.000000000000E+00
    3     7 N     0.000000000000E+00  5.037590620000E+00  0.000000000000E+00
    4     7 N     0.000000000000E+00 -5.037590620000E+00  0.000000000000E+00
    5     7 N     0.000000000000E+00 -2.518795310000E+00  0.000000000000E+00
    6     7 N     2.181340725393E+00 -1.259397655000E+00  0.000000000000E+00
    7     7 N     2.181340725393E+00  1.259397655000E+00  0.000000000000E+00
    8     7 N     2.181340725393E+00  3.778192965000E+00  0.000000000000E+00
    9     7 N     2.181340725393E+00 -6.296988275000E+00  0.000000000000E+00
   10     7 N     2.181340725393E+00 -3.778192965000E+00  0.000000000000E+00
   11     7 N     4.362681450786E+00 -2.518795310000E+00  0.000000000000E+00
   12     7 N     4.362681450786E+00  0.000000000000E+00  0.000000000000E+00
   13     7 N     4.362681450786E+00  2.518795310000E+00  0.000000000000E+00
   14     7 N     4.362681450786E+00 -7.556385930000E+00  0.000000000000E+00
   15     7 N     4.362681450786E+00 -5.037590620000E+00  0.000000000000E+00
   16     7 N    -4.362681450786E+00  2.518795310000E+00  0.000000000000E+00
   17     7 N    -4.362681450786E+00  5.037590620000E+00  0.000000000000E+00
   18     7 N    -4.362681450786E+00  7.556385930000E+00  0.000000000000E+00
   19     7 N    -4.362681450786E+00 -2.518795310000E+00  0.000000000000E+00
   20     7 N    -4.362681450786E+00  0.000000000000E+00  0.000000000000E+00
   21     7 N    -2.181340725393E+00  1.259397655000E+00  0.000000000000E+00
   22     7 N    -2.181340725393E+00  3.778192965000E+00  0.000000000000E+00
   23     7 N    -2.181340725393E+00  6.296988275000E+00  0.000000000000E+00
   24     7 N    -2.181340725393E+00 -3.778192965000E+00  0.000000000000E+00
   25     7 N    -2.181340725393E+00 -1.259397655000E+00  0.000000000000E+00
   26     5 B    -1.454227150262E+00  0.000000000000E+00  0.000000000000E+00
   27     5 B    -1.454227150262E+00  2.518795310000E+00  0.000000000000E+00
   28     5 B    -1.454227150262E+00  5.037590620000E+00  0.000000000000E+00
   29     5 B    -1.454227150262E+00 -5.037590620000E+00  0.000000000000E+00
   30     5 B    -1.454227150262E+00 -2.518795310000E+00  0.000000000000E+00
   31     5 B     7.271135751310E-01 -1.259397655000E+00  0.000000000000E+00
   32     5 B     7.271135751310E-01  1.259397655000E+00  0.000000000000E+00
   33     5 B     7.271135751310E-01  3.778192965000E+00  0.000000000000E+00
   34     5 B     7.271135751310E-01 -6.296988275000E+00  0.000000000000E+00
   35     5 B     7.271135751310E-01 -3.778192965000E+00  0.000000000000E+00
   36     5 B     2.908454300524E+00 -2.518795310000E+00  0.000000000000E+00
   37     5 B     2.908454300524E+00  0.000000000000E+00  0.000000000000E+00
   38     5 B     2.908454300524E+00  2.518795310000E+00  0.000000000000E+00
   39     5 B     2.908454300524E+00 -7.556385930000E+00  0.000000000000E+00
   40     5 B     2.908454300524E+00 -5.037590620000E+00  0.000000000000E+00
   41     5 B     5.089795025917E+00 -3.778192965000E+00  0.000000000000E+00
   42     5 B     5.089795025917E+00 -1.259397655000E+00  0.000000000000E+00
   43     5 B     5.089795025917E+00  1.259397655000E+00  0.000000000000E+00
   44     5 B     5.089795025917E+00 -8.815783585000E+00  0.000000000000E+00
   45     5 B     5.089795025917E+00 -6.296988275000E+00  0.000000000000E+00
   46     5 B    -3.635567875655E+00  1.259397655000E+00  0.000000000000E+00
   47     5 B    -3.635567875655E+00  3.778192965000E+00  0.000000000000E+00
   48     5 B    -3.635567875655E+00  6.296988275000E+00  0.000000000000E+00
   49     5 B    -3.635567875655E+00 -3.778192965000E+00  0.000000000000E+00
   50     5 B    -3.635567875655E+00 -1.259397655000E+00  0.000000000000E+00
   51    29 CU    2.161956377331E+00  1.242467569958E+00  4.439798990176E+00
   52    29 CU    2.161956377331E+00  3.795123050042E+00  4.439798990176E+00
   53    29 CU    3.626099410829E+00  1.242467569958E+00  6.530811945052E+00
   54    29 CU    3.626099410829E+00  3.795123050042E+00  6.530811945052E+00
   55    29 CU    2.908454300524E+00  2.518795310000E+00  2.358987045124E+00
   56    29 CU    4.372597334022E+00 -3.386017008344E-02  4.450000000000E+00
   57    29 CU    5.119095257215E+00  1.242467569958E+00  2.369188054948E+00
   58    29 CU    4.372597334022E+00  5.071450790083E+00  4.450000000000E+00
   59    29 CU    5.119095257215E+00  3.795123050042E+00  2.369188054948E+00
   60    29 CU    4.372597334022E+00  2.518795310000E+00  4.450000000000E+00
   61    29 CU    5.836740367520E+00  2.518795310000E+00  6.541012954876E+00
   62    29 CU    6.583238290713E+00  1.242467569958E+00  4.460201009824E+00
   63    29 CU    6.583238290713E+00  3.795123050042E+00  4.460201009824E+00
 WARNING **** CRYSTA **** TESTGEOM  DIRECTIVE - GEOMETRY EDITING COMPLETE
 TTTTTTTTTTTTTTTTTTTTTTTTTTTTTT END         TELAPSE        0.01 TCPU        0.01
 EEEEEEEEEE TERMINATION  DATE 10 08 2021 TIME 10:29:35.5
Tue 10 Aug 2021 10:29:35 BST
Contents of temporary directory:
total 16
-rw-r--r--  1 brunocamino  admin     0 10 Aug 10:28 OPTalist
-rw-r--r--  1 brunocamino  admin     0 10 Aug 10:28 OPTclist
-rw-r--r--  1 brunocamino  admin  4621 10 Aug 10:29 fort.34
SCF abnormal end - no wf written in fort.9
geometry input file fort.34 saved as /Users/brunocamino/Desktop/Imperial/crystal_python_tools/final/examples/workflows/../data/adsorption/BN_5x5_NP.gui
geometry input file fort.34 saved as /Users/brunocamino/Desktop/Imperial/crystal_python_tools/final/examples/workflows/../data/adsorption/BN_5x5_NP.gui
temporary directory /Users/brunocamino/crystal/tmp removed
