date Tue 10 Aug 2021 10:23:59 BST
hostname MacBook-Pro.local
system Darwin MacBook-Pro.local 20.6.0 Darwin Kernel Version 20.6.0: Wed Jun 23 00:26:27 PDT 2021; root:xnu-7195.141.2~5/RELEASE_ARM64_T8101 x86_64
user brunocamino
output data in /Users/brunocamino/Desktop/Imperial/crystal_python_tools/final/examples/workflows/../data/geom/mgo_final.out
crystal executable in /Users/brunocamino/crystal
input data in /Users/brunocamino/Desktop/Imperial/crystal_python_tools/final/examples/workflows/../data/geom/mgo_final.d12
temporary directory /Users/brunocamino/crystal/tmp
external geometry input from /Users/brunocamino/Desktop/Imperial/crystal_python_tools/final/examples/workflows/../data/geom/mgo_final.gui
external geometry input saved in /Users/brunocamino/Desktop/Imperial/crystal_python_tools/final/examples/workflows/../data/geom/mgo_final_inp.gui
MGO BULK - GEOMETRY TEST
CRYSTAL
0 0 0
225
4.217
2
12 0.    0.    0.
8 0.5   0.5   0.5
SUPERCEL
2 0 0
0 2 0
0 0 2
ATOMREMO
2
1 2
ATOMSUBS
2
1 20
2 16
ATOMINSE
1
1 0.0 0.0 0.0
ATOMDISP
1
1 1.0 1.0 1.0
EXTPRT
TESTGEOM
END
12 4
0 0 8 2.0 1.0
 68370.0 0.0002226
 9661.0 0.001901
 2041.0 0.011042
 529.6 0.05005
 159.17 0.1690
 54.71 0.36695
 21.236 0.4008
 8.791 0.1487
0 1 5 8.0 1.0
 143.7 -0.00671 0.00807
 31.27 -0.07927 0.06401
 9.661 -0.08088 0.2092
 3.726 0.2947 0.3460
 1.598 0.5714 0.3731
0 1 1 2.0 1.0
 0.688 1.0 1.0
0 1 1 0.0 1.0
 0.28 1.0 1.0
8 4
0 0 8 2.0 1.0
 8020.0 0.00108
 1338.0 0.00804
 255.4 0.05324
 69.22 0.1681
 23.90 0.3581
 9.264 0.3855
 3.851 0.1468
 1.212 0.0728
0 1 4 6.0 1.0
 49.43 -0.00883 0.00958
 10.47 -0.0915 0.0696
 3.235 -0.0402 0.2065
 1.217 0.379 0.347
0 1 1 0.0 1.0
 0.4764 1.0 1.0
0 1 1 0.0 1.0
 0.1802 1.0 1.0
99 0
ENDBS
DFT
B3LYP
XXLGRID
ENDDFT
TOLINTEG
7 7 7 7 14
SHRINK
6  12
MAXCYCLE
200
FMIXING
70
DIIS
ENDSCF

         
 *******************************************************************************
 *                                                                             *
 *                               CRYSTAL17                                     *
 *                      public : 1.0.2 - March 1st, 2018                       *
 *                       HTTP://WWW.CRYSTAL.UNITO.IT                           *
 *                                                                             *
 *                              MAIN AUTHORS                                   *
 *                                                                             *
 *  R. DOVESI(1,11), V.R. SAUNDERS(2), C. ROETTI(1,11), R. ORLANDO(1,11),      *
 *  C.M. ZICOVICH-WILSON(1,3), F. PASCALE(4), B. CIVALLERI(1,11),              *
 *  K. DOLL(5), N.M. HARRISON(2,6), I.J. BUSH(7), Ph. D'ARCO(8),               *
 *  M. LLUNELL(9), M. CAUSA'(10), Y. NOEL(8), L. MASCHIO(1,11), A. ERBA(1,11)  *
 *  M. RE'RAT(14), S. CASASSA(1,11)                                            *
 *                                                                             *
 *        CONTRIBUTIONS TO THE CODE HAVE ALSO BEEN GIVEN BY                    *
 *                                                                             *
 *  M. FERRABONE(1,11), M. DE LA PIERRE(1,11), M. FERRERO(1,11),               *
 *  J. BAIMA(1,11), E. ALBANESE(1,11), M.F. PEINTINGER(12), R. BAST(13),       *
 *  B. KIRTMAN(15), V. LACIVITA(1,11), R. DEMICHELIS(1,16)                     *
 *  G. BRANDEBURG(17), S. SALUSTRO(1,11), G. SANSONE(1,11)                     *
 *  M.T. RUGGIERO(18)                                                          *
 *                                                                             *
 * (1) THEORETICAL CHEMISTRY GROUP - UNIVERSITA' DI TORINO - TORINO (ITALY)    *
 * (2) COMPUTATIONAL SCIENCE & ENGINEERING DEPARTMENT - STFC DARESBURY (UK)    *
 * (3) UNIVERSIDAD AUTONOMA DEL ESTADO DE MORELOS - CUERNAVACA (MEXICO)        *
 * (4) UNIVERSITE' DE LORRAINE - NANCY (FRANCE)                                *
 * (5) UNIVERSITAET STUTTGART- STUTTGART (GERMANY)                             *
 * (6) IMPERIAL COLLEGE - LONDON (UK)                                          *
 * (7) OXFORD E-RESEARCH CENTRE - OXFORD (UK)                                  *
 * (8) UPMC - SORBONNE UNIVERSITES - PARIS (FRANCE)                            *
 * (9) UNIVERSIDAD DE BARCELONA - BARCELONA (SPAIN)                            *
 *(10) UNIVERSITA' DI NAPOLI "FEDERICO II" - NAPOLI (ITALY)                    *
 *(11) NIS - NANOSTRUCTURED INTERFACES AND SURFACES - TORINO (ITALY)           *
 *(12) MPI FUER CHEMISCHE ENERGIEKONVERSION - MUELHEIM AN DER RUHR (GERMANY)   *
 *(13) UNIVERSITY OF TROMSO - TROMSO (NORWAY)                                  *
 *(14) UNIVERSITE' DE PAU ET DES PAYS DE L'ADOUR - PAU (FRANCE)                *
 *(15) UNIVERSITY OF CALIFORNIA SANTA BARBARA - SANTA BARBARA (USA)            *
 *(16) CURTIN UNIVERSITY - PERTH (AUSTRALIA)                                   *
 *(17) UNIVERSITY COLLEGE LONDON - LONDON (UK)                                 *
 *(18) CAMBRIDGE UNIVERSITY - CAMBRIDGE (UK)                                   *
 *                                                                             *
 *******************************************************************************
 EEEEEEEEEE STARTING  DATE 10 08 2021 TIME 10:23:59.6
 MGO BULK - GEOMETRY TEST                                                        

 CRYSTAL CALCULATION
 (INPUT ACCORDING TO THE INTERNATIONAL TABLES FOR X-RAY CRYSTALLOGRAPHY)
 CRYSTAL FAMILY                       :  CUBIC       
 CRYSTAL CLASS  (GROTH - 1921)        :  CUBIC HEXAKISOCTAHEDRAL              

 SPACE GROUP (CENTROSYMMETRIC)        :  F M 3 M         

 LATTICE PARAMETERS  (ANGSTROMS AND DEGREES) - CONVENTIONAL CELL
        A           B           C        ALPHA        BETA       GAMMA
     4.21700     4.21700     4.21700    90.00000    90.00000    90.00000


 NUMBER OF IRREDUCIBLE ATOMS IN THE CONVENTIONAL CELL:    2

 INPUT COORDINATES

 ATOM AT. N.              COORDINATES
   1  12     0.000000000000E+00  0.000000000000E+00  0.000000000000E+00
   2   8     5.000000000000E-01  5.000000000000E-01  5.000000000000E-01

 *******************************************************************************

 << INFORMATION >>: FROM NOW ON, ALL COORDINATES REFER TO THE PRIMITIVE CELL

 *******************************************************************************

 LATTICE PARAMETERS  (ANGSTROMS AND DEGREES) - PRIMITIVE CELL
       A          B          C        ALPHA      BETA     GAMMA        VOLUME
    2.98187    2.98187    2.98187    60.00000  60.00000  60.00000     18.747822

 COORDINATES OF THE EQUIVALENT ATOMS (FRACTIONAL UNITS)

 N. ATOM EQUIV AT. N.          X                  Y                  Z

   1   1   1   12 MG    0.00000000000E+00  0.00000000000E+00  0.00000000000E+00

   2   2   1    8 O    -5.00000000000E-01 -5.00000000000E-01 -5.00000000000E-01

 NUMBER OF SYMMETRY OPERATORS         :   48
 *******************************************************************************
 * GEOMETRY EDITING - INPUT COORDINATES ARE GIVEN IN ANGSTROM         
 *******************************************************************************

 GEOMETRY NOW FULLY CONSISTENT WITH THE GROUP

 NO SYMMOPS WITH FINITE TRANSLATIONAL COMPONENT

 *******************************************************************************
 * SUPERCELL OPTION
 *******************************************************************************


        EXPANSION MATRIX OF PRIMITIVE CELL
 E1     2.000     0.000     0.000
 E2     0.000     2.000     0.000
 E3     0.000     0.000     2.000

 NUMBER OF ATOMS PER SUPERCELL    16

        DIRECT LATTICE VECTORS COMPONENTS (ANGSTROM)
 B1     0.000     4.217     4.217
 B2     4.217     0.000     4.217
 B3     4.217     4.217     0.000

 LATTICE PARAMETERS  (ANGSTROM AND DEGREES)
       A          B          C         ALPHA     BETA     GAMMA        VOLUME
    5.96374    5.96374    5.96374    60.00000  60.00000  60.00000    149.982573


 **** ATOMS BELONGING TO THE SUPERCELL
 LABEL AT.NO.      COORDINATES (ANGSTROM AND FRACTIONAL)
     1    12     0.0000     0.0000     0.0000     0.0000     0.0000     0.0000
     2    12    -2.1085    -2.1085     0.0000     0.0000     0.0000    -0.5000
     3    12    -2.1085     0.0000    -2.1085     0.0000    -0.5000     0.0000
     4    12    -4.2170    -2.1085    -2.1085     0.0000    -0.5000    -0.5000
     5    12     0.0000    -2.1085    -2.1085    -0.5000     0.0000     0.0000
     6    12    -2.1085    -4.2170    -2.1085    -0.5000     0.0000    -0.5000
     7    12    -2.1085    -2.1085    -4.2170    -0.5000    -0.5000     0.0000
     8    12    -4.2170    -4.2170    -4.2170    -0.5000    -0.5000    -0.5000
     9     8     0.0000     0.0000    -2.1085    -0.2500    -0.2500     0.2500
    10     8    -2.1085    -2.1085    -2.1085    -0.2500    -0.2500    -0.2500
    11     8     2.1085     0.0000     0.0000    -0.2500     0.2500     0.2500
    12     8     0.0000    -2.1085     0.0000    -0.2500     0.2500    -0.2500
    13     8     0.0000     2.1085     0.0000     0.2500    -0.2500     0.2500
    14     8    -2.1085     0.0000     0.0000     0.2500    -0.2500    -0.2500
    15     8     2.1085     2.1085     2.1085     0.2500     0.2500     0.2500
    16     8     0.0000     0.0000     2.1085     0.2500     0.2500    -0.2500

 **************************** SUPERCELL GENERATED ****************************

 *******************************************************************************
 LABEL OF THE     2 ATOM(S) REMOVED:
   1   2
 THE NUMBER OF SYMMETRY OPERATORS HAS BEEN REDUCED FROM 48 TO  8
 *******************************************************************************


 *******************************************************************************
 * SUBSTITUTION OF    2 ATOM(S)
 *******************************************************************************
 ATOM N.    1    (Z=  12) SUBSTITUTED WITH CA (Z=  20)
 ATOM N.    2    (Z=  12) SUBSTITUTED WITH S  (Z=  16)
 THE NUMBER OF SYMMETRY OPERATORS HAS BEEN REDUCED FROM  8 TO  2
 *******************************************************************************

 *******************************************************************************
 * ADDITION OF    1 NEW ATOMS
 *******************************************************************************
 ATOM ADDED: LABEL   15 AT. N.   1 COOR.(A)   0.00000   0.00000   0.00000

 *******************************************************************************
 * DISPLACEMENT OF    1 ATOMS
 *******************************************************************************

 ATOM N.    1 AT. N.  20 DISPLACED BY (A)   1.00000   1.00000   1.00000
 THE NUMBER OF SYMMETRY OPERATORS HAS BEEN REDUCED FROM  2 TO  1
 *******************************************************************************

 GCALCO - MAX INDICES DIRECT LATTICE VECTOR    14    14    14
 NO.OF VECTORS CREATED 6999 STARS  105 RMAX   119.26870 BOHR

 GEOMETRY FOR WAVE FUNCTION - DIMENSIONALITY OF THE SYSTEM    3
 (NON PERIODIC DIRECTION: LATTICE PARAMETER FORMALLY SET TO 500)
 *******************************************************************************
 LATTICE PARAMETERS (ANGSTROMS AND DEGREES) - BOHR = 0.5291772083 ANGSTROM
 PRIMITIVE CELL - CENTRING CODE 1/1 VOLUME=   149.982573 - DENSITY  3.286 g/cm^3
         A              B              C           ALPHA      BETA       GAMMA 
     5.96373859     5.96373859     5.96373859    60.000000  60.000000  60.000000
 *******************************************************************************
 ATOMS IN THE ASYMMETRIC UNIT   15 - ATOMS IN THE UNIT CELL:   15
     ATOM                 X/A                 Y/B                 Z/C    
 *******************************************************************************
      1 T  20 CA    1.185677021579E-01 -3.814322978421E-01  1.185677021579E-01
      2 T  16 S     0.000000000000E+00  5.000000000000E-01  5.000000000000E-01
      3 T  12 MG    5.000000000000E-01  0.000000000000E+00  0.000000000000E+00
      4 T  12 MG    5.000000000000E-01  0.000000000000E+00  5.000000000000E-01
      5 T  12 MG    5.000000000000E-01  5.000000000000E-01  0.000000000000E+00
      6 T  12 MG    5.000000000000E-01  5.000000000000E-01  5.000000000000E-01
      7 T   8 O    -2.500000000000E-01 -2.500000000000E-01  2.500000000000E-01
      8 T   8 O    -2.500000000000E-01 -2.500000000000E-01 -2.500000000000E-01
      9 T   8 O    -2.500000000000E-01  2.500000000000E-01  2.500000000000E-01
     10 T   8 O    -2.500000000000E-01  2.500000000000E-01 -2.500000000000E-01
     11 T   8 O     2.500000000000E-01 -2.500000000000E-01  2.500000000000E-01
     12 T   8 O     2.500000000000E-01 -2.500000000000E-01 -2.500000000000E-01
     13 T   8 O     2.500000000000E-01  2.500000000000E-01  2.500000000000E-01
     14 T   8 O     2.500000000000E-01  2.500000000000E-01 -2.500000000000E-01
     15 T   1 H     0.000000000000E+00  0.000000000000E+00  0.000000000000E+00

 T = ATOM BELONGING TO THE ASYMMETRIC UNIT

 ****    1 SYMMOPS - TRANSLATORS IN FRACTIONAL UNITS
 **** MATRICES AND TRANSLATORS IN THE CRYSTALLOGRAPHIC REFERENCE FRAME
   V INV                    ROTATION MATRICES                   TRANSLATORS
   1   1  1.00  0.00  0.00  0.00  1.00  0.00  0.00  0.00  1.00  0.00  0.00  0.00

 DIRECT LATTICE VECTORS CARTESIAN COMPONENTS (ANGSTROM)
          X                    Y                    Z
   0.000000000000E+00   0.421700000000E+01   0.421700000000E+01
   0.421700000000E+01   0.000000000000E+00   0.421700000000E+01
   0.421700000000E+01   0.421700000000E+01   0.000000000000E+00


 CARTESIAN COORDINATES - PRIMITIVE CELL
 *******************************************************************************
 *      ATOM          X(ANGSTROM)         Y(ANGSTROM)         Z(ANGSTROM)
 *******************************************************************************
    1    20 CA   -1.108500000000E+00  1.000000000000E+00 -1.108500000000E+00
    2    16 S     4.217000000000E+00  2.108500000000E+00  2.108500000000E+00
    3    12 MG    0.000000000000E+00  2.108500000000E+00  2.108500000000E+00
    4    12 MG    2.108500000000E+00  4.217000000000E+00  2.108500000000E+00
    5    12 MG    2.108500000000E+00  2.108500000000E+00  4.217000000000E+00
    6    12 MG    4.217000000000E+00  4.217000000000E+00  4.217000000000E+00
    7     8 O     0.000000000000E+00  0.000000000000E+00 -2.108500000000E+00
    8     8 O    -2.108500000000E+00 -2.108500000000E+00 -2.108500000000E+00
    9     8 O     2.108500000000E+00  0.000000000000E+00  0.000000000000E+00
   10     8 O     0.000000000000E+00 -2.108500000000E+00  0.000000000000E+00
   11     8 O     0.000000000000E+00  2.108500000000E+00  0.000000000000E+00
   12     8 O    -2.108500000000E+00  0.000000000000E+00  0.000000000000E+00
   13     8 O     2.108500000000E+00  2.108500000000E+00  2.108500000000E+00
   14     8 O     0.000000000000E+00  0.000000000000E+00  2.108500000000E+00
   15     1 H     0.000000000000E+00  0.000000000000E+00  0.000000000000E+00
 WARNING **** CRYSTA **** TESTGEOM  DIRECTIVE - GEOMETRY EDITING COMPLETE
 TTTTTTTTTTTTTTTTTTTTTTTTTTTTTT END         TELAPSE        0.02 TCPU        0.01
 EEEEEEEEEE TERMINATION  DATE 10 08 2021 TIME 10:23:59.6
Tue 10 Aug 2021 10:23:59 BST
Contents of temporary directory:
total 8656
-rw-r--r--  1 brunocamino  admin    71432 10 Aug 10:15 BAND.DAT
-rw-r--r--  1 brunocamino  admin    14959 10 Aug 10:12 DOSS.DAT
-rw-r--r--  1 brunocamino  admin        0 10 Aug 10:15 OPTalist
-rw-r--r--  1 brunocamino  admin        0 10 Aug 10:15 OPTclist
-rw-r--r--  1 brunocamino  admin    84504 10 Aug 10:14 diis_Fg
-rw-r--r--  1 brunocamino  admin     3504 10 Aug 10:14 diis_Fia1
-rw-r--r--  1 brunocamino  admin     2920 10 Aug 10:14 diis_Fia2
-rw-r--r--  1 brunocamino  admin        0 10 Aug 10:03 diis_Sk
-rw-r--r--  1 brunocamino  admin    86888 10 Aug 10:15 fort.10
-rw-r--r--  1 brunocamino  admin    96328 10 Aug 10:15 fort.11
-rw-r--r--  1 brunocamino  admin  1647072 10 Aug 10:15 fort.13
-rw-r--r--  1 brunocamino  admin   702053 10 Aug 10:15 fort.25
-rw-r--r--  1 brunocamino  admin    96328 10 Aug 10:15 fort.3
-rw-r--r--  1 brunocamino  admin     1453 10 Aug 10:23 fort.34
-rw-r--r--  1 brunocamino  admin    75024 10 Aug 10:15 fort.61
-rw-r--r--  1 brunocamino  admin    40560 10 Aug 10:15 fort.62
-rw-r--r--  1 brunocamino  admin   223080 10 Aug 10:15 fort.8
-rw-r--r--  1 brunocamino  admin   139272 10 Aug 10:15 fort.9
-rw-r--r--  1 brunocamino  admin   355987 10 Aug 10:15 fort.98
-rw-r--r--  1 brunocamino  admin        0 10 Aug 10:15 scanlist
wave function binary file /Users/brunocamino/Desktop/Imperial/crystal_python_tools/final/examples/workflows/../data/geom/mgo_final.f9
file fort.98 saved as /Users/brunocamino/Desktop/Imperial/crystal_python_tools/final/examples/workflows/../data/geom/mgo_final.f98
file fort.13 saved as /Users/brunocamino/Desktop/Imperial/crystal_python_tools/final/examples/workflows/../data/geom/mgo_final.f13
geometry input file fort.34 saved as /Users/brunocamino/Desktop/Imperial/crystal_python_tools/final/examples/workflows/../data/geom/mgo_final.gui
file fort.25 saved as /Users/brunocamino/Desktop/Imperial/crystal_python_tools/final/examples/workflows/../data/geom/mgo_final.f25
file BAND.DAT saved as /Users/brunocamino/Desktop/Imperial/crystal_python_tools/final/examples/workflows/../data/geom/mgo_final_dat.BAND
file DOSS.DAT saved as /Users/brunocamino/Desktop/Imperial/crystal_python_tools/final/examples/workflows/../data/geom/mgo_final_dat.DOSS
output of Crgra in file /Users/brunocamino/Desktop/Imperial/crystal_python_tools/final/examples/workflows/../data/geom/mgo_final.outg
